<?xml version="1.0" encoding="UTF-8"?>
<!-- Generated by org.testng.reporters.JUnitReportReporter -->
<testsuite skipped="0" hostname="DESKTOP-KAO8G9R" name="tests.FailedLoginTest" tests="1" failures="0" timestamp="22 paÅº 2018 12:27:15 GMT" time="18.764" errors="0">
  <testcase name="tryToLoginWithIncorrectLoginAndPassword" time="18.764" classname="tests.FailedLoginTest"/>
</testsuite> <!-- tests.FailedLoginTest -->
