<?xml version="1.0" encoding="UTF-8"?>
<!-- Generated by org.testng.reporters.JUnitReportReporter -->
<testsuite skipped="0" hostname="DESKTOP-KAO8G9R" name="tests.ReservationHotelTest" tests="1" failures="0" timestamp="22 paÅº 2018 12:27:15 GMT" time="44.353" errors="0">
  <testcase name="tryToMakeReservationHotel" time="44.353" classname="tests.ReservationHotelTest"/>
</testsuite> <!-- tests.ReservationHotelTest -->
