<?xml version="1.0" encoding="UTF-8"?>
<!-- Generated by org.testng.reporters.JUnitReportReporter -->
<testsuite skipped="0" hostname="DESKTOP-KAO8G9R" name="tests.PositiveLoginTest" tests="1" failures="0" timestamp="22 paÅº 2018 12:27:15 GMT" time="15.899" errors="0">
  <testcase name="tryToLoginWithCorrectLoginAndPassword" time="15.899" classname="tests.PositiveLoginTest"/>
</testsuite> <!-- tests.PositiveLoginTest -->
